[DEBUG] - [24-10-2013 at 00:41:55]: Printing search results
[DEBUG] - [24-10-2013 at 00:41:55]: parse results function start
[DEBUG] - [24-10-2013 at 00:41:55]: no parsed results. going to get some.
[DEBUG] - [24-10-2013 at 00:41:55]: Getting search results
[DEBUG] - [24-10-2013 at 00:41:55]: Building search query
[DEBUG] - [24-10-2013 at 00:41:55]: Cooking soup
[DEBUG] - [24-10-2013 at 00:41:55]: Looking for results
[DEBUG] - [24-10-2013 at 00:41:55]: Selecting 17 results
[DEBUG] - [24-10-2013 at 00:41:55]: Building results dictionary
[DEBUG] - [24-10-2013 at 00:41:55]: Unicode normalization
[DEBUG] - [24-10-2013 at 00:41:55]: Unicode normalization
[DEBUG] - [24-10-2013 at 00:41:55]: Unicode normalization
[DEBUG] - [24-10-2013 at 00:41:55]: Unicode normalization
[DEBUG] - [24-10-2013 at 00:41:55]: Unicode normalization
[DEBUG] - [24-10-2013 at 00:41:55]: Unicode normalization
[DEBUG] - [24-10-2013 at 00:41:55]: Unicode normalization
[DEBUG] - [24-10-2013 at 00:41:55]: Unicode normalization
[DEBUG] - [24-10-2013 at 00:41:55]: Unicode normalization
[DEBUG] - [24-10-2013 at 00:41:55]: Unicode normalization
[DEBUG] - [24-10-2013 at 00:41:55]: Unicode normalization
[DEBUG] - [24-10-2013 at 00:41:55]: Unicode normalization
[DEBUG] - [24-10-2013 at 00:41:55]: Unicode normalization
[DEBUG] - [24-10-2013 at 00:41:55]: Unicode normalization
[DEBUG] - [24-10-2013 at 00:41:55]: Unicode normalization
[DEBUG] - [24-10-2013 at 00:41:55]: Unicode normalization
[DEBUG] - [24-10-2013 at 00:41:55]: Unicode normalization
[DEBUG] - [24-10-2013 at 00:41:55]: Unicode normalization
[DEBUG] - [24-10-2013 at 00:41:55]: Unicode normalization
[DEBUG] - [24-10-2013 at 00:41:55]: Unicode normalization
[DEBUG] - [24-10-2013 at 00:41:55]: Unicode normalization
[DEBUG] - [24-10-2013 at 00:41:55]: Unicode normalization
[DEBUG] - [24-10-2013 at 00:41:55]: Unicode normalization
[DEBUG] - [24-10-2013 at 00:41:55]: Unicode normalization
[DEBUG] - [24-10-2013 at 00:41:55]: Unicode normalization
[DEBUG] - [24-10-2013 at 00:41:55]: Unicode normalization
[DEBUG] - [24-10-2013 at 00:41:55]: Unicode normalization
[DEBUG] - [24-10-2013 at 00:41:55]: Unicode normalization
[DEBUG] - [24-10-2013 at 00:41:55]: Unicode normalization
[DEBUG] - [24-10-2013 at 00:41:55]: Unicode normalization
[DEBUG] - [24-10-2013 at 00:41:55]: Unicode normalization
[DEBUG] - [24-10-2013 at 00:41:55]: Unicode normalization
[DEBUG] - [24-10-2013 at 00:41:55]: Unicode normalization
[DEBUG] - [24-10-2013 at 00:41:55]: Unicode normalization
[DEBUG] - [24-10-2013 at 00:41:55]: Unicode normalization
[DEBUG] - [24-10-2013 at 00:41:55]: Unicode normalization
[DEBUG] - [24-10-2013 at 00:41:55]: Unicode normalization
[DEBUG] - [24-10-2013 at 00:41:55]: Unicode normalization
[DEBUG] - [24-10-2013 at 00:41:55]: Unicode normalization
[DEBUG] - [24-10-2013 at 00:41:55]: Unicode normalization
[DEBUG] - [24-10-2013 at 00:41:55]: Unicode normalization
[DEBUG] - [24-10-2013 at 00:41:55]: Unicode normalization
[DEBUG] - [24-10-2013 at 00:41:55]: Unicode normalization
[DEBUG] - [24-10-2013 at 00:41:55]: Unicode normalization
[DEBUG] - [24-10-2013 at 00:41:55]: Unicode normalization
[DEBUG] - [24-10-2013 at 00:41:55]: Unicode normalization
[DEBUG] - [24-10-2013 at 00:41:55]: Unicode normalization
[DEBUG] - [24-10-2013 at 00:41:55]: Unicode normalization
[DEBUG] - [24-10-2013 at 00:41:55]: Unicode normalization
[DEBUG] - [24-10-2013 at 00:41:55]: Unicode normalization
[DEBUG] - [24-10-2013 at 00:41:55]: Unicode normalization
[DEBUG] - [24-10-2013 at 00:41:55]: Printing search results
[DEBUG] - [24-10-2013 at 00:41:55]: Building GUI
[DEBUG] - [24-10-2013 at 00:41:56]: Initializing wxWidget
[DEBUG] - [24-10-2013 at 00:41:56]: Setting widget properties
[DEBUG] - [24-10-2013 at 00:41:56]: Building wx Layout
[DEBUG] - [25-10-2013 at 10:35:18]: Printing search results
[DEBUG] - [25-10-2013 at 10:35:18]: parse results function start
[DEBUG] - [25-10-2013 at 10:35:18]: no parsed results. going to get some.
[DEBUG] - [25-10-2013 at 10:35:18]: Getting search results
[DEBUG] - [25-10-2013 at 10:35:18]: Building search query
[DEBUG] - [25-10-2013 at 10:35:18]: Cooking soup
[DEBUG] - [25-10-2013 at 10:35:20]: Looking for results
[DEBUG] - [25-10-2013 at 10:35:20]: Selecting 17 results
[DEBUG] - [25-10-2013 at 10:35:20]: Building results dictionary
[DEBUG] - [25-10-2013 at 10:35:20]: Unicode normalization
[DEBUG] - [25-10-2013 at 10:35:20]: Unicode normalization
[DEBUG] - [25-10-2013 at 10:35:20]: Unicode normalization
[DEBUG] - [25-10-2013 at 10:35:20]: Unicode normalization
[DEBUG] - [25-10-2013 at 10:35:20]: Unicode normalization
[DEBUG] - [25-10-2013 at 10:35:20]: Unicode normalization
[DEBUG] - [25-10-2013 at 10:35:20]: Unicode normalization
[DEBUG] - [25-10-2013 at 10:35:20]: Unicode normalization
[DEBUG] - [25-10-2013 at 10:35:20]: Unicode normalization
[DEBUG] - [25-10-2013 at 10:35:20]: Unicode normalization
[DEBUG] - [25-10-2013 at 10:35:20]: Unicode normalization
[DEBUG] - [25-10-2013 at 10:35:20]: Unicode normalization
[DEBUG] - [25-10-2013 at 10:35:20]: Unicode normalization
[DEBUG] - [25-10-2013 at 10:35:20]: Unicode normalization
[DEBUG] - [25-10-2013 at 10:35:20]: Unicode normalization
[DEBUG] - [25-10-2013 at 10:35:20]: Unicode normalization
[DEBUG] - [25-10-2013 at 10:35:20]: Unicode normalization
[DEBUG] - [25-10-2013 at 10:35:20]: Unicode normalization
[DEBUG] - [25-10-2013 at 10:35:20]: Unicode normalization
[DEBUG] - [25-10-2013 at 10:35:20]: Unicode normalization
[DEBUG] - [25-10-2013 at 10:35:20]: Unicode normalization
[DEBUG] - [25-10-2013 at 10:35:20]: Unicode normalization
[DEBUG] - [25-10-2013 at 10:35:20]: Unicode normalization
[DEBUG] - [25-10-2013 at 10:35:20]: Unicode normalization
[DEBUG] - [25-10-2013 at 10:35:20]: Unicode normalization
[DEBUG] - [25-10-2013 at 10:35:20]: Unicode normalization
[DEBUG] - [25-10-2013 at 10:35:20]: Unicode normalization
[DEBUG] - [25-10-2013 at 10:35:20]: Unicode normalization
[DEBUG] - [25-10-2013 at 10:35:20]: Unicode normalization
[DEBUG] - [25-10-2013 at 10:35:20]: Unicode normalization
[DEBUG] - [25-10-2013 at 10:35:20]: Unicode normalization
[DEBUG] - [25-10-2013 at 10:35:20]: Unicode normalization
[DEBUG] - [25-10-2013 at 10:35:20]: Unicode normalization
[DEBUG] - [25-10-2013 at 10:35:20]: Unicode normalization
[DEBUG] - [25-10-2013 at 10:35:20]: Unicode normalization
[DEBUG] - [25-10-2013 at 10:35:20]: Unicode normalization
[DEBUG] - [25-10-2013 at 10:35:20]: Unicode normalization
[DEBUG] - [25-10-2013 at 10:35:20]: Unicode normalization
[DEBUG] - [25-10-2013 at 10:35:20]: Unicode normalization
[DEBUG] - [25-10-2013 at 10:35:20]: Unicode normalization
[DEBUG] - [25-10-2013 at 10:35:20]: Unicode normalization
[DEBUG] - [25-10-2013 at 10:35:20]: Unicode normalization
[DEBUG] - [25-10-2013 at 10:35:20]: Unicode normalization
[DEBUG] - [25-10-2013 at 10:35:20]: Unicode normalization
[DEBUG] - [25-10-2013 at 10:35:20]: Unicode normalization
[DEBUG] - [25-10-2013 at 10:35:20]: Unicode normalization
[DEBUG] - [25-10-2013 at 10:35:20]: Unicode normalization
[DEBUG] - [25-10-2013 at 10:35:20]: Unicode normalization
[DEBUG] - [25-10-2013 at 10:35:20]: Unicode normalization
[DEBUG] - [25-10-2013 at 10:35:20]: Unicode normalization
[DEBUG] - [25-10-2013 at 10:35:20]: Unicode normalization
[DEBUG] - [25-10-2013 at 10:35:20]: Printing search results
[DEBUG] - [25-10-2013 at 10:35:20]: Building GUI
[DEBUG] - [25-10-2013 at 10:35:20]: Initializing wxWidget
[DEBUG] - [25-10-2013 at 10:35:20]: Setting widget properties
[DEBUG] - [25-10-2013 at 10:35:20]: Building wx Layout
[DEBUG] - [25-10-2013 at 10:35:43]: Starting parallel download.
[DEBUG] - [25-10-2013 at 10:35:43]: Starting parallel download.
[DEBUG] - [25-10-2013 at 10:35:44]: Starting parallel download.
[DEBUG] - [25-10-2013 at 10:35:46]: Starting parallel download.
[DEBUG] - [25-10-2013 at 10:35:46]: Starting parallel download.
[DEBUG] - [25-10-2013 at 10:35:59]: Downloading track: The Killers - Somebody Told Me
[DEBUG] - [25-10-2013 at 10:35:59]: Downloading track: The Killers - Mr. Brightside 
[DEBUG] - [25-10-2013 at 10:35:59]: Downloading track: The Killers - Human
[DEBUG] - [25-10-2013 at 10:35:59]: Downloading track: The Killers - Read my mind
[DEBUG] - [25-10-2013 at 10:35:59]: Downloading track: The Killers - When You Were Young
[DEBUG] - [25-10-2013 at 10:36:48]: Track: The Killers - When You Were Young. Download complete. Writing to file.
[DEBUG] - [25-10-2013 at 10:36:48]: Track: The Killers - When You Were Young saved.
[DEBUG] - [25-10-2013 at 10:36:52]: Track: The Killers - Human. Download complete. Writing to file.
[DEBUG] - [25-10-2013 at 10:36:52]: Track: The Killers - Human saved.
[DEBUG] - [25-10-2013 at 10:36:52]: Track: The Killers - Mr. Brightside . Download complete. Writing to file.
[DEBUG] - [25-10-2013 at 10:36:52]: Track: The Killers - Mr. Brightside  saved.
[DEBUG] - [25-10-2013 at 10:36:55]: Track: The Killers - Read my mind. Download complete. Writing to file.
[DEBUG] - [25-10-2013 at 10:36:55]: Track: The Killers - Read my mind saved.
